<?xml version="1.0" encoding="UTF-8"?>
<testsuite name="test.com.kpn.ecommerce.productimporter.CatalogueFileReaderServiceTest" tests="1" skipped="0" failures="0" errors="0" timestamp="2018-12-03T08:06:05" hostname="mbpvangebruiker.kpnnl.local" time="0.802">
  <properties/>
  <testcase name="testGetJsonAsMap" classname="test.com.kpn.ecommerce.productimporter.CatalogueFileReaderServiceTest" time="0.802"/>
  <system-out><![CDATA[09:05:55,059 |-INFO in ch.qos.logback.classic.LoggerContext[default] - Could NOT find resource [logback-test.xml]
09:05:55,060 |-INFO in ch.qos.logback.classic.LoggerContext[default] - Could NOT find resource [logback.groovy]
09:05:55,060 |-INFO in ch.qos.logback.classic.LoggerContext[default] - Found resource [logback.xml] at [file:/Users/gebruiker/KPN/SingleShop/single-shop/product-importer/build/resources/main/logback.xml]
09:05:55,304 |-INFO in ch.qos.logback.classic.joran.action.ConfigurationAction - Will scan for changes in [file:/Users/gebruiker/KPN/SingleShop/single-shop/product-importer/build/resources/main/logback.xml] 
09:05:55,304 |-INFO in ch.qos.logback.classic.joran.action.ConfigurationAction - Setting ReconfigureOnChangeTask scanning period to 1 minutes
09:05:55,307 |-INFO in ch.qos.logback.core.joran.action.AppenderAction - About to instantiate appender of type [ch.qos.logback.core.ConsoleAppender]
09:05:55,313 |-INFO in ch.qos.logback.core.joran.action.AppenderAction - Naming appender as [STDOUT]
09:05:55,324 |-INFO in ch.qos.logback.core.joran.action.NestedComplexPropertyIA - Assuming default type [ch.qos.logback.classic.encoder.PatternLayoutEncoder] for [encoder] property
09:05:55,381 |-INFO in ch.qos.logback.classic.joran.action.LevelAction - ROOT level set to INFO
09:05:55,381 |-INFO in ch.qos.logback.core.joran.action.AppenderRefAction - Attaching appender named [STDOUT] to Logger[ROOT]
09:05:55,383 |-INFO in ch.qos.logback.classic.joran.action.ConfigurationAction - End of configuration.
09:05:55,384 |-INFO in ch.qos.logback.classic.joran.JoranConfigurator@201e0dbd - Registering current configuration as safe fallback point
.09:05:55.520 [Test worker] INFO  o.s.b.t.c.SpringBootTestContextBootstrapper - Neither @ContextConfiguration nor @ContextHierarchy found for test class [test.com.kpn.ecommerce.productimporter.CatalogueFileReaderServiceTest], using SpringBootContextLoader 
.09:05:55.528 [Test worker] INFO  o.s.t.c.s.AbstractContextLoader - Could not detect default resource locations for test class [test.com.kpn.ecommerce.productimporter.CatalogueFileReaderServiceTest]: no resource found for suffixes {-context.xml, Context.groovy}. 
.09:05:55.777 [Test worker] INFO  o.s.b.t.c.SpringBootTestContextBootstrapper - Loaded default TestExecutionListener class names from location [META-INF/spring.factories]: [org.springframework.boot.test.autoconfigure.restdocs.RestDocsTestExecutionListener, org.springframework.boot.test.autoconfigure.web.client.MockRestServiceServerResetTestExecutionListener, org.springframework.boot.test.autoconfigure.web.servlet.MockMvcPrintOnlyOnFailureTestExecutionListener, org.springframework.boot.test.autoconfigure.web.servlet.WebDriverTestExecutionListener, org.springframework.boot.test.mock.mockito.MockitoTestExecutionListener, org.springframework.boot.test.mock.mockito.ResetMocksTestExecutionListener, org.springframework.test.context.web.ServletTestExecutionListener, org.springframework.test.context.support.DirtiesContextBeforeModesTestExecutionListener, org.springframework.test.context.support.DependencyInjectionTestExecutionListener, org.springframework.test.context.support.DirtiesContextTestExecutionListener, org.springframework.test.context.transaction.TransactionalTestExecutionListener, org.springframework.test.context.jdbc.SqlScriptsTestExecutionListener] 
.09:05:55.802 [Test worker] INFO  o.s.b.t.c.SpringBootTestContextBootstrapper - Using TestExecutionListeners: [org.springframework.test.context.web.ServletTestExecutionListener@66766fe6, org.springframework.test.context.support.DirtiesContextBeforeModesTestExecutionListener@50150587, org.springframework.boot.test.mock.mockito.MockitoTestExecutionListener@4890aa2d, org.springframework.boot.test.autoconfigure.SpringBootDependencyInjectionTestExecutionListener@7cfba7b9, org.springframework.test.context.support.DirtiesContextTestExecutionListener@29a7fe9f, org.springframework.test.context.transaction.TransactionalTestExecutionListener@51e6ff11, org.springframework.test.context.jdbc.SqlScriptsTestExecutionListener@1ceaf6c2, org.springframework.boot.test.autoconfigure.restdocs.RestDocsTestExecutionListener@3d8d4c89, org.springframework.boot.test.autoconfigure.web.client.MockRestServiceServerResetTestExecutionListener@2bc81ea1, org.springframework.boot.test.autoconfigure.web.servlet.MockMvcPrintOnlyOnFailureTestExecutionListener@4db072be, org.springframework.boot.test.autoconfigure.web.servlet.WebDriverTestExecutionListener@627c12c, org.springframework.boot.test.mock.mockito.ResetMocksTestExecutionListener@51993c65] 
09:05:56,348 |-INFO in ch.qos.logback.classic.joran.action.ConfigurationAction - Will scan for changes in [file:/Users/gebruiker/KPN/SingleShop/single-shop/product-importer/build/resources/main/logback.xml] 
09:05:56,349 |-INFO in ch.qos.logback.classic.joran.action.ConfigurationAction - Setting ReconfigureOnChangeTask scanning period to 1 minutes
09:05:56,351 |-INFO in ch.qos.logback.core.joran.action.AppenderAction - About to instantiate appender of type [ch.qos.logback.core.ConsoleAppender]
09:05:56,351 |-INFO in ch.qos.logback.core.joran.action.AppenderAction - Naming appender as [STDOUT]
09:05:56,352 |-INFO in ch.qos.logback.core.joran.action.NestedComplexPropertyIA - Assuming default type [ch.qos.logback.classic.encoder.PatternLayoutEncoder] for [encoder] property
09:05:56,359 |-INFO in ch.qos.logback.classic.jul.LevelChangePropagator@541b69ee - Propagating INFO level on Logger[ROOT] onto the JUL framework
09:05:56,360 |-INFO in ch.qos.logback.classic.joran.action.LevelAction - ROOT level set to INFO
09:05:56,360 |-INFO in ch.qos.logback.core.joran.action.AppenderRefAction - Attaching appender named [STDOUT] to Logger[ROOT]
09:05:56,360 |-INFO in ch.qos.logback.classic.joran.action.ConfigurationAction - End of configuration.
09:05:56,361 |-INFO in org.springframework.boot.logging.logback.SpringBootJoranConfigurator@4da5e51 - Registering current configuration as safe fallback point

  .   ____          _            __ _ _
 /\\ / ___'_ __ _ _(_)_ __  __ _ \ \ \ \
( ( )\___ | '_ | '_| | '_ \/ _` | \ \ \ \
 \\/  ___)| |_)| | | | | || (_| |  ) ) ) )
  '  |____| .__|_| |_|_| |_\__, | / / / /
 =========|_|==============|___/=/_/_/_/
 :: Spring Boot ::        (v2.1.0.RELEASE)

.09:05:56.603 [Test worker] INFO  t.c.k.e.p.CatalogueFileReaderServiceTest - Starting CatalogueFileReaderServiceTest on mbpvangebruiker.kpnnl.local with PID 19030 (started by gebruiker in /Users/gebruiker/KPN/SingleShop/single-shop/product-importer) 
.09:05:56.604 [Test worker] INFO  t.c.k.e.p.CatalogueFileReaderServiceTest - The following profiles are active: test 
.09:05:57.998 [Test worker] INFO  o.s.d.r.c.RepositoryConfigurationDelegate - Bootstrapping Spring Data repositories in DEFAULT mode. 
.09:05:58.050 [Test worker] INFO  o.s.d.r.c.RepositoryConfigurationDelegate - Finished Spring Data repository scanning in 32ms. Found 0 repository interfaces. 
.09:05:58.756 [Test worker] INFO  o.s.c.s.PostProcessorRegistrationDelegate$BeanPostProcessorChecker - Bean 'org.springframework.hateoas.config.HateoasConfiguration' of type [org.springframework.hateoas.config.HateoasConfiguration$$EnhancerBySpringCGLIB$$bff85f2] is not eligible for getting processed by all BeanPostProcessors (for example: not eligible for auto-proxying) 
.09:05:58.772 [Test worker] INFO  o.s.c.s.PostProcessorRegistrationDelegate$BeanPostProcessorChecker - Bean 'org.springframework.transaction.annotation.ProxyTransactionManagementConfiguration' of type [org.springframework.transaction.annotation.ProxyTransactionManagementConfiguration$$EnhancerBySpringCGLIB$$8c7f38c0] is not eligible for getting processed by all BeanPostProcessors (for example: not eligible for auto-proxying) 
.09:05:59.475 [Test worker] WARN  o.n.o.d.e.driver.EmbeddedDriver - Creating temporary file store: file:/var/folders/tn/gprd1yq14pb8gkkw47k8tdl00000gn/T/neo4jTmpEmbedded.db13946852041428850568/database/ 
.09:06:03.144 [Test worker] INFO  org.neo4j.ogm.metadata.DomainInfo - Starting Post-processing phase 
.09:06:03.144 [Test worker] INFO  org.neo4j.ogm.metadata.DomainInfo - Building annotation class map 
.09:06:03.145 [Test worker] INFO  org.neo4j.ogm.metadata.DomainInfo - Building interface class map for 24 classes 
.09:06:03.159 [Test worker] INFO  org.neo4j.ogm.metadata.DomainInfo - Post-processing complete 
.09:06:03.282 [Test worker] WARN  o.s.d.n.m.Neo4jPersistentProperty - Owning ClassInfo is null for property: org.neo4j.driver.v1.Driver.encrypted 
.09:06:03.307 [Test worker] INFO  o.s.d.n.mapping.Neo4jMappingContext - No class information found in OGM meta-data for class com.fasterxml.jackson.databind.ObjectMapper so treating as simple type for SD Commons 
.09:06:03.348 [Test worker] INFO  o.s.d.n.mapping.Neo4jMappingContext - Neo4jMappingContext initialisation completed 
.09:06:04.363 [Test worker] INFO  o.s.s.c.ThreadPoolTaskExecutor - Initializing ExecutorService 'applicationTaskExecutor' 
.09:06:04.460 [Test worker] WARN  o.s.b.a.d.n.Neo4jDataAutoConfiguration$Neo4jWebConfiguration$Neo4jWebMvcConfiguration - spring.data.neo4j.open-in-view is enabled by default.Therefore, database queries may be performed during view rendering. Explicitly configure spring.data.neo4j.open-in-view to disable this warning 
.09:06:05.252 [Test worker] INFO  t.c.k.e.p.CatalogueFileReaderServiceTest - Started CatalogueFileReaderServiceTest in 9.357 seconds (JVM running for 11.216) 
]]></system-out>
  <system-err><![CDATA[]]></system-err>
</testsuite>
