<?xml version="1.0" encoding="UTF-8"?>
<testsuite name="com.kpn.ecommerce.singleshop.productservice.ContractDurationTest" tests="4" skipped="0" failures="0" errors="0" timestamp="2018-12-03T15:02:49" hostname="mbpvangebruiker.kpnnl.local" time="0.009">
  <properties/>
  <testcase name="fromValueLegalArgument" classname="com.kpn.ecommerce.singleshop.productservice.ContractDurationTest" time="0.006"/>
  <testcase name="testToString" classname="com.kpn.ecommerce.singleshop.productservice.ContractDurationTest" time="0.0"/>
  <testcase name="fromValueIllegalArgument" classname="com.kpn.ecommerce.singleshop.productservice.ContractDurationTest" time="0.001"/>
  <testcase name="getMonths" classname="com.kpn.ecommerce.singleshop.productservice.ContractDurationTest" time="0.001"/>
  <system-out><![CDATA[]]></system-out>
  <system-err><![CDATA[]]></system-err>
</testsuite>
