<?xml version="1.0" encoding="UTF-8"?>
<testsuite name="com.kpn.ecommerce.singleshop.productservice.simonly.domain.LineUpTest" tests="1" skipped="0" failures="0" errors="0" timestamp="2018-12-03T15:02:58" hostname="mbpvangebruiker.kpnnl.local" time="0.0">
  <properties/>
  <testcase name="testLineUp" classname="com.kpn.ecommerce.singleshop.productservice.simonly.domain.LineUpTest" time="0.0"/>
  <system-out><![CDATA[]]></system-out>
  <system-err><![CDATA[]]></system-err>
</testsuite>
